0 info it worked if it ends with ok
1 verbose cli [ '/usr/local/bin/node',
1 verbose cli   '/usr/local/bin/npm',
1 verbose cli   'install',
1 verbose cli   '-g',
1 verbose cli   'd3-geo-projection' ]
2 info using npm@3.10.10
3 info using node@v6.11.0
4 silly loadCurrentTree Starting
5 silly install loadCurrentTree
6 silly install readGlobalPackageData
7 silly fetchPackageMetaData d3-geo-projection
8 silly fetchNamedPackageData d3-geo-projection
9 silly mapToRegistry name d3-geo-projection
10 silly mapToRegistry using default registry
11 silly mapToRegistry registry https://registry.npmjs.org/
12 silly mapToRegistry data Result {
12 silly mapToRegistry   raw: 'd3-geo-projection',
12 silly mapToRegistry   scope: null,
12 silly mapToRegistry   escapedName: 'd3-geo-projection',
12 silly mapToRegistry   name: 'd3-geo-projection',
12 silly mapToRegistry   rawSpec: '',
12 silly mapToRegistry   spec: 'latest',
12 silly mapToRegistry   type: 'tag' }
13 silly mapToRegistry uri https://registry.npmjs.org/d3-geo-projection
14 verbose request uri https://registry.npmjs.org/d3-geo-projection
15 verbose request no auth needed
16 info attempt registry request try #1 at 9:43:59 AM
17 verbose request id f784c23ee86b6185
18 verbose etag W/"5963a685-20940"
19 verbose lastModified Mon, 10 Jul 2017 16:08:37 GMT
20 http request GET https://registry.npmjs.org/d3-geo-projection
21 http 200 https://registry.npmjs.org/d3-geo-projection
22 verbose headers { server: 'nginx/1.10.1',
22 verbose headers   'content-type': 'application/json',
22 verbose headers   'last-modified': 'Wed, 13 Sep 2017 13:50:39 GMT',
22 verbose headers   etag: 'W/"59b937af-21d8f"',
22 verbose headers   'content-encoding': 'gzip',
22 verbose headers   'cache-control': 'max-age=300',
22 verbose headers   'content-length': '17393',
22 verbose headers   'accept-ranges': 'bytes',
22 verbose headers   date: 'Mon, 20 Nov 2017 08:43:59 GMT',
22 verbose headers   via: '1.1 varnish',
22 verbose headers   age: '0',
22 verbose headers   connection: 'keep-alive',
22 verbose headers   'x-served-by': 'cache-mad9425-MAD',
22 verbose headers   'x-cache': 'HIT',
22 verbose headers   'x-cache-hits': '1',
22 verbose headers   'x-timer': 'S1511167440.696344,VS0,VE35',
22 verbose headers   vary: 'Accept-Encoding, Accept' }
23 silly get cb [ 200,
23 silly get   { server: 'nginx/1.10.1',
23 silly get     'content-type': 'application/json',
23 silly get     'last-modified': 'Wed, 13 Sep 2017 13:50:39 GMT',
23 silly get     etag: 'W/"59b937af-21d8f"',
23 silly get     'content-encoding': 'gzip',
23 silly get     'cache-control': 'max-age=300',
23 silly get     'content-length': '17393',
23 silly get     'accept-ranges': 'bytes',
23 silly get     date: 'Mon, 20 Nov 2017 08:43:59 GMT',
23 silly get     via: '1.1 varnish',
23 silly get     age: '0',
23 silly get     connection: 'keep-alive',
23 silly get     'x-served-by': 'cache-mad9425-MAD',
23 silly get     'x-cache': 'HIT',
23 silly get     'x-cache-hits': '1',
23 silly get     'x-timer': 'S1511167440.696344,VS0,VE35',
23 silly get     vary: 'Accept-Encoding, Accept' } ]
24 verbose get saving d3-geo-projection to /Users/xocas/.npm/registry.npmjs.org/d3-geo-projection/.cache.json
25 verbose correctMkdir /Users/xocas/.npm correctMkdir not in flight; initializing
26 silly install normalizeTree
27 silly loadCurrentTree Finishing
28 silly loadIdealTree Starting
29 silly install loadIdealTree
30 silly cloneCurrentTree Starting
31 silly install cloneCurrentTreeToIdealTree
32 silly cloneCurrentTree Finishing
33 silly loadShrinkwrap Starting
34 silly install loadShrinkwrap
35 silly loadShrinkwrap Finishing
36 silly loadAllDepsIntoIdealTree Starting
37 silly install loadAllDepsIntoIdealTree
38 silly resolveWithNewModule d3-geo-projection@2.3.1 checking installable status
39 silly cache add args [ 'd3-geo-projection', null ]
40 verbose cache add spec d3-geo-projection
41 silly cache add parsed spec Result {
41 silly cache add   raw: 'd3-geo-projection',
41 silly cache add   scope: null,
41 silly cache add   escapedName: 'd3-geo-projection',
41 silly cache add   name: 'd3-geo-projection',
41 silly cache add   rawSpec: '',
41 silly cache add   spec: 'latest',
41 silly cache add   type: 'tag' }
42 silly addNamed d3-geo-projection@latest
43 verbose addNamed "latest" is being treated as a dist-tag for d3-geo-projection
44 info addNameTag [ 'd3-geo-projection', 'latest' ]
45 silly mapToRegistry name d3-geo-projection
46 silly mapToRegistry using default registry
47 silly mapToRegistry registry https://registry.npmjs.org/
48 silly mapToRegistry data Result {
48 silly mapToRegistry   raw: 'd3-geo-projection',
48 silly mapToRegistry   scope: null,
48 silly mapToRegistry   escapedName: 'd3-geo-projection',
48 silly mapToRegistry   name: 'd3-geo-projection',
48 silly mapToRegistry   rawSpec: '',
48 silly mapToRegistry   spec: 'latest',
48 silly mapToRegistry   type: 'tag' }
49 silly mapToRegistry uri https://registry.npmjs.org/d3-geo-projection
50 verbose addNameTag registry:https://registry.npmjs.org/d3-geo-projection not in flight; fetching
51 verbose get https://registry.npmjs.org/d3-geo-projection not expired, no request
52 silly addNameTag next cb for d3-geo-projection with tag latest
53 silly addNamed d3-geo-projection@2.3.1
54 verbose addNamed "2.3.1" is a plain semver version for d3-geo-projection
55 silly mapToRegistry name d3-geo-projection
56 silly mapToRegistry using default registry
57 silly mapToRegistry registry https://registry.npmjs.org/
58 silly mapToRegistry data Result {
58 silly mapToRegistry   raw: 'd3-geo-projection',
58 silly mapToRegistry   scope: null,
58 silly mapToRegistry   escapedName: 'd3-geo-projection',
58 silly mapToRegistry   name: 'd3-geo-projection',
58 silly mapToRegistry   rawSpec: '',
58 silly mapToRegistry   spec: 'latest',
58 silly mapToRegistry   type: 'tag' }
59 silly mapToRegistry uri https://registry.npmjs.org/d3-geo-projection
60 verbose addRemoteTarball https://registry.npmjs.org/d3-geo-projection/-/d3-geo-projection-2.3.1.tgz not in flight; adding
61 verbose addRemoteTarball [ 'https://registry.npmjs.org/d3-geo-projection/-/d3-geo-projection-2.3.1.tgz',
61 verbose addRemoteTarball   'cf6d1051bec57bf197200201fd991ed063712849' ]
62 info retry fetch attempt 1 at 9:43:59 AM
63 info attempt registry request try #1 at 9:43:59 AM
64 http fetch GET https://registry.npmjs.org/d3-geo-projection/-/d3-geo-projection-2.3.1.tgz
65 http fetch 200 https://registry.npmjs.org/d3-geo-projection/-/d3-geo-projection-2.3.1.tgz
66 silly fetchAndShaCheck shasum cf6d1051bec57bf197200201fd991ed063712849
67 verbose addTmpTarball /var/folders/tg/bjg20m3j5s55p4ryd_gb7bk80000gn/T/npm-59434-c49c43a0/registry.npmjs.org/d3-geo-projection/-/d3-geo-projection-2.3.1.tgz not in flight; adding
68 verbose addTmpTarball already have metadata; skipping unpack for d3-geo-projection@2.3.1
69 verbose correctMkdir /Users/xocas/.npm correctMkdir not in flight; initializing
70 silly cache afterAdd d3-geo-projection@2.3.1
71 verbose afterAdd /Users/xocas/.npm/d3-geo-projection/2.3.1/package/package.json not in flight; writing
72 verbose correctMkdir /Users/xocas/.npm correctMkdir not in flight; initializing
73 verbose afterAdd /Users/xocas/.npm/d3-geo-projection/2.3.1/package/package.json written
74 silly fetchNamedPackageData commander
75 silly mapToRegistry name commander
76 silly mapToRegistry using default registry
77 silly mapToRegistry registry https://registry.npmjs.org/
78 silly mapToRegistry data Result {
78 silly mapToRegistry   raw: 'commander',
78 silly mapToRegistry   scope: null,
78 silly mapToRegistry   escapedName: 'commander',
78 silly mapToRegistry   name: 'commander',
78 silly mapToRegistry   rawSpec: '',
78 silly mapToRegistry   spec: 'latest',
78 silly mapToRegistry   type: 'tag' }
79 silly mapToRegistry uri https://registry.npmjs.org/commander
80 silly fetchNamedPackageData d3-array
81 silly mapToRegistry name d3-array
82 silly mapToRegistry using default registry
83 silly mapToRegistry registry https://registry.npmjs.org/
84 silly mapToRegistry data Result {
84 silly mapToRegistry   raw: 'd3-array',
84 silly mapToRegistry   scope: null,
84 silly mapToRegistry   escapedName: 'd3-array',
84 silly mapToRegistry   name: 'd3-array',
84 silly mapToRegistry   rawSpec: '',
84 silly mapToRegistry   spec: 'latest',
84 silly mapToRegistry   type: 'tag' }
85 silly mapToRegistry uri https://registry.npmjs.org/d3-array
86 silly fetchNamedPackageData d3-geo
87 silly mapToRegistry name d3-geo
88 silly mapToRegistry using default registry
89 silly mapToRegistry registry https://registry.npmjs.org/
90 silly mapToRegistry data Result {
90 silly mapToRegistry   raw: 'd3-geo',
90 silly mapToRegistry   scope: null,
90 silly mapToRegistry   escapedName: 'd3-geo',
90 silly mapToRegistry   name: 'd3-geo',
90 silly mapToRegistry   rawSpec: '',
90 silly mapToRegistry   spec: 'latest',
90 silly mapToRegistry   type: 'tag' }
91 silly mapToRegistry uri https://registry.npmjs.org/d3-geo
92 verbose request uri https://registry.npmjs.org/commander
93 verbose request no auth needed
94 info attempt registry request try #1 at 9:44:02 AM
95 verbose etag W/"5a120329-11a2d"
96 verbose lastModified Sun, 19 Nov 2017 22:18:17 GMT
97 http request GET https://registry.npmjs.org/commander
98 verbose request uri https://registry.npmjs.org/d3-geo
99 verbose request no auth needed
100 info attempt registry request try #1 at 9:44:02 AM
101 verbose etag W/"59b936b8-1b976"
102 verbose lastModified Wed, 13 Sep 2017 13:46:32 GMT
103 http request GET https://registry.npmjs.org/d3-geo
104 verbose request uri https://registry.npmjs.org/d3-array
105 verbose request no auth needed
106 info attempt registry request try #1 at 9:44:02 AM
107 verbose etag W/"597e0eaa-fd3e"
108 verbose lastModified Sun, 30 Jul 2017 16:51:54 GMT
109 http request GET https://registry.npmjs.org/d3-array
110 http 304 https://registry.npmjs.org/commander
111 verbose headers { date: 'Mon, 20 Nov 2017 08:44:02 GMT',
111 verbose headers   via: '1.1 varnish',
111 verbose headers   'cache-control': 'max-age=300',
111 verbose headers   etag: 'W/"5a120329-11a2d"',
111 verbose headers   age: '27',
111 verbose headers   connection: 'keep-alive',
111 verbose headers   'x-served-by': 'cache-mad9425-MAD',
111 verbose headers   'x-cache': 'HIT',
111 verbose headers   'x-cache-hits': '1',
111 verbose headers   'x-timer': 'S1511167442.447066,VS0,VE0',
111 verbose headers   vary: 'Accept-Encoding, Accept' }
112 silly get cb [ 304,
112 silly get   { date: 'Mon, 20 Nov 2017 08:44:02 GMT',
112 silly get     via: '1.1 varnish',
112 silly get     'cache-control': 'max-age=300',
112 silly get     etag: 'W/"5a120329-11a2d"',
112 silly get     age: '27',
112 silly get     connection: 'keep-alive',
112 silly get     'x-served-by': 'cache-mad9425-MAD',
112 silly get     'x-cache': 'HIT',
112 silly get     'x-cache-hits': '1',
112 silly get     'x-timer': 'S1511167442.447066,VS0,VE0',
112 silly get     vary: 'Accept-Encoding, Accept' } ]
113 verbose etag https://registry.npmjs.org/commander from cache
114 verbose get saving commander to /Users/xocas/.npm/registry.npmjs.org/commander/.cache.json
115 verbose correctMkdir /Users/xocas/.npm correctMkdir not in flight; initializing
116 silly resolveWithNewModule commander@2.11.0 checking installable status
117 silly cache add args [ 'commander@2', null ]
118 verbose cache add spec commander@2
119 silly cache add parsed spec Result {
119 silly cache add   raw: 'commander@2',
119 silly cache add   scope: null,
119 silly cache add   escapedName: 'commander',
119 silly cache add   name: 'commander',
119 silly cache add   rawSpec: '2',
119 silly cache add   spec: '>=2.0.0 <3.0.0',
119 silly cache add   type: 'range' }
120 silly addNamed commander@>=2.0.0 <3.0.0
121 verbose addNamed ">=2.0.0 <3.0.0" is a valid semver range for commander
122 silly addNameRange { name: 'commander', range: '>=2.0.0 <3.0.0', hasData: false }
123 silly mapToRegistry name commander
124 silly mapToRegistry using default registry
125 silly mapToRegistry registry https://registry.npmjs.org/
126 silly mapToRegistry data Result {
126 silly mapToRegistry   raw: 'commander',
126 silly mapToRegistry   scope: null,
126 silly mapToRegistry   escapedName: 'commander',
126 silly mapToRegistry   name: 'commander',
126 silly mapToRegistry   rawSpec: '',
126 silly mapToRegistry   spec: 'latest',
126 silly mapToRegistry   type: 'tag' }
127 silly mapToRegistry uri https://registry.npmjs.org/commander
128 verbose addNameRange registry:https://registry.npmjs.org/commander not in flight; fetching
129 verbose get https://registry.npmjs.org/commander not expired, no request
130 silly addNameRange number 2 { name: 'commander', range: '>=2.0.0 <3.0.0', hasData: true }
131 silly addNameRange versions [ 'commander',
131 silly addNameRange   [ '0.0.1',
131 silly addNameRange     '0.0.3',
131 silly addNameRange     '0.0.4',
131 silly addNameRange     '0.0.5',
131 silly addNameRange     '0.1.0',
131 silly addNameRange     '0.2.0',
131 silly addNameRange     '0.2.1',
131 silly addNameRange     '0.3.0',
131 silly addNameRange     '0.3.1',
131 silly addNameRange     '0.3.2',
131 silly addNameRange     '0.3.3',
131 silly addNameRange     '0.4.0',
131 silly addNameRange     '0.4.1',
131 silly addNameRange     '0.4.2',
131 silly addNameRange     '0.4.3',
131 silly addNameRange     '0.5.0',
131 silly addNameRange     '0.5.1',
131 silly addNameRange     '0.6.0',
131 silly addNameRange     '0.6.1',
131 silly addNameRange     '0.5.2',
131 silly addNameRange     '1.0.0',
131 silly addNameRange     '1.0.1',
131 silly addNameRange     '1.0.2',
131 silly addNameRange     '1.0.3',
131 silly addNameRange     '1.0.4',
131 silly addNameRange     '1.0.5',
131 silly addNameRange     '1.1.0',
131 silly addNameRange     '1.1.1',
131 silly addNameRange     '1.2.0',
131 silly addNameRange     '1.3.0',
131 silly addNameRange     '1.3.1',
131 silly addNameRange     '1.3.2',
131 silly addNameRange     '2.0.0',
131 silly addNameRange     '2.1.0',
131 silly addNameRange     '2.2.0',
131 silly addNameRange     '2.3.0',
131 silly addNameRange     '2.4.0',
131 silly addNameRange     '2.5.0',
131 silly addNameRange     '2.5.1',
131 silly addNameRange     '2.6.0',
131 silly addNameRange     '2.7.0',
131 silly addNameRange     '2.7.1',
131 silly addNameRange     '2.8.0',
131 silly addNameRange     '2.8.1',
131 silly addNameRange     '2.9.0',
131 silly addNameRange     '2.10.0',
131 silly addNameRange     '2.11.0' ] ]
132 silly addNamed commander@2.11.0
133 verbose addNamed "2.11.0" is a plain semver version for commander
134 silly cache afterAdd commander@2.11.0
135 verbose afterAdd /Users/xocas/.npm/commander/2.11.0/package/package.json not in flight; writing
136 verbose correctMkdir /Users/xocas/.npm correctMkdir not in flight; initializing
137 verbose afterAdd /Users/xocas/.npm/commander/2.11.0/package/package.json written
138 http 200 https://registry.npmjs.org/d3-array
139 verbose headers { server: 'nginx/1.10.1',
139 verbose headers   'content-type': 'application/json',
139 verbose headers   'last-modified': 'Sat, 23 Sep 2017 20:46:12 GMT',
139 verbose headers   etag: 'W/"59c6c814-1052c"',
139 verbose headers   'content-encoding': 'gzip',
139 verbose headers   'cache-control': 'max-age=300',
139 verbose headers   'content-length': '11783',
139 verbose headers   'accept-ranges': 'bytes',
139 verbose headers   date: 'Mon, 20 Nov 2017 08:44:02 GMT',
139 verbose headers   via: '1.1 varnish',
139 verbose headers   age: '0',
139 verbose headers   connection: 'keep-alive',
139 verbose headers   'x-served-by': 'cache-mad9432-MAD',
139 verbose headers   'x-cache': 'HIT',
139 verbose headers   'x-cache-hits': '1',
139 verbose headers   'x-timer': 'S1511167442.483956,VS0,VE112',
139 verbose headers   vary: 'Accept-Encoding, Accept' }
140 silly get cb [ 200,
140 silly get   { server: 'nginx/1.10.1',
140 silly get     'content-type': 'application/json',
140 silly get     'last-modified': 'Sat, 23 Sep 2017 20:46:12 GMT',
140 silly get     etag: 'W/"59c6c814-1052c"',
140 silly get     'content-encoding': 'gzip',
140 silly get     'cache-control': 'max-age=300',
140 silly get     'content-length': '11783',
140 silly get     'accept-ranges': 'bytes',
140 silly get     date: 'Mon, 20 Nov 2017 08:44:02 GMT',
140 silly get     via: '1.1 varnish',
140 silly get     age: '0',
140 silly get     connection: 'keep-alive',
140 silly get     'x-served-by': 'cache-mad9432-MAD',
140 silly get     'x-cache': 'HIT',
140 silly get     'x-cache-hits': '1',
140 silly get     'x-timer': 'S1511167442.483956,VS0,VE112',
140 silly get     vary: 'Accept-Encoding, Accept' } ]
141 verbose get saving d3-array to /Users/xocas/.npm/registry.npmjs.org/d3-array/.cache.json
142 verbose correctMkdir /Users/xocas/.npm correctMkdir not in flight; initializing
143 silly resolveWithNewModule d3-array@1.2.1 checking installable status
144 silly cache add args [ 'd3-array@1', null ]
145 verbose cache add spec d3-array@1
146 silly cache add parsed spec Result {
146 silly cache add   raw: 'd3-array@1',
146 silly cache add   scope: null,
146 silly cache add   escapedName: 'd3-array',
146 silly cache add   name: 'd3-array',
146 silly cache add   rawSpec: '1',
146 silly cache add   spec: '>=1.0.0 <2.0.0',
146 silly cache add   type: 'range' }
147 silly addNamed d3-array@>=1.0.0 <2.0.0
148 verbose addNamed ">=1.0.0 <2.0.0" is a valid semver range for d3-array
149 silly addNameRange { name: 'd3-array', range: '>=1.0.0 <2.0.0', hasData: false }
150 silly mapToRegistry name d3-array
151 silly mapToRegistry using default registry
152 silly mapToRegistry registry https://registry.npmjs.org/
153 silly mapToRegistry data Result {
153 silly mapToRegistry   raw: 'd3-array',
153 silly mapToRegistry   scope: null,
153 silly mapToRegistry   escapedName: 'd3-array',
153 silly mapToRegistry   name: 'd3-array',
153 silly mapToRegistry   rawSpec: '',
153 silly mapToRegistry   spec: 'latest',
153 silly mapToRegistry   type: 'tag' }
154 silly mapToRegistry uri https://registry.npmjs.org/d3-array
155 verbose addNameRange registry:https://registry.npmjs.org/d3-array not in flight; fetching
156 verbose get https://registry.npmjs.org/d3-array not expired, no request
157 silly addNameRange number 2 { name: 'd3-array', range: '>=1.0.0 <2.0.0', hasData: true }
158 silly addNameRange versions [ 'd3-array',
158 silly addNameRange   [ '0.5.0',
158 silly addNameRange     '0.5.1',
158 silly addNameRange     '0.5.2',
158 silly addNameRange     '0.6.0',
158 silly addNameRange     '0.6.1',
158 silly addNameRange     '0.6.2',
158 silly addNameRange     '0.7.0',
158 silly addNameRange     '0.7.1',
158 silly addNameRange     '0.8.0',
158 silly addNameRange     '0.8.1',
158 silly addNameRange     '1.0.0',
158 silly addNameRange     '1.0.1',
158 silly addNameRange     '1.0.2',
158 silly addNameRange     '1.0.3',
158 silly addNameRange     '1.1.0',
158 silly addNameRange     '1.1.1',
158 silly addNameRange     '1.2.0',
158 silly addNameRange     '1.2.1' ] ]
159 silly addNamed d3-array@1.2.1
160 verbose addNamed "1.2.1" is a plain semver version for d3-array
161 silly mapToRegistry name d3-array
162 silly mapToRegistry using default registry
163 silly mapToRegistry registry https://registry.npmjs.org/
164 silly mapToRegistry data Result {
164 silly mapToRegistry   raw: 'd3-array',
164 silly mapToRegistry   scope: null,
164 silly mapToRegistry   escapedName: 'd3-array',
164 silly mapToRegistry   name: 'd3-array',
164 silly mapToRegistry   rawSpec: '',
164 silly mapToRegistry   spec: 'latest',
164 silly mapToRegistry   type: 'tag' }
165 silly mapToRegistry uri https://registry.npmjs.org/d3-array
166 verbose addRemoteTarball https://registry.npmjs.org/d3-array/-/d3-array-1.2.1.tgz not in flight; adding
167 verbose addRemoteTarball [ 'https://registry.npmjs.org/d3-array/-/d3-array-1.2.1.tgz',
167 verbose addRemoteTarball   'd1ca33de2f6ac31efadb8e050a021d7e2396d5dc' ]
168 info retry fetch attempt 1 at 9:44:02 AM
169 info attempt registry request try #1 at 9:44:02 AM
170 http fetch GET https://registry.npmjs.org/d3-array/-/d3-array-1.2.1.tgz
171 http fetch 200 https://registry.npmjs.org/d3-array/-/d3-array-1.2.1.tgz
172 silly fetchAndShaCheck shasum d1ca33de2f6ac31efadb8e050a021d7e2396d5dc
173 verbose addTmpTarball /var/folders/tg/bjg20m3j5s55p4ryd_gb7bk80000gn/T/npm-59434-c49c43a0/registry.npmjs.org/d3-array/-/d3-array-1.2.1.tgz not in flight; adding
174 verbose addTmpTarball already have metadata; skipping unpack for d3-array@1.2.1
175 verbose correctMkdir /Users/xocas/.npm correctMkdir not in flight; initializing
176 silly cache afterAdd d3-array@1.2.1
177 verbose afterAdd /Users/xocas/.npm/d3-array/1.2.1/package/package.json not in flight; writing
178 verbose correctMkdir /Users/xocas/.npm correctMkdir not in flight; initializing
179 verbose afterAdd /Users/xocas/.npm/d3-array/1.2.1/package/package.json written
180 http 200 https://registry.npmjs.org/d3-geo
181 verbose headers { server: 'nginx/1.10.1',
181 verbose headers   'content-type': 'application/json',
181 verbose headers   'last-modified': 'Thu, 05 Oct 2017 16:31:31 GMT',
181 verbose headers   etag: 'W/"59d65e63-1d7a6"',
181 verbose headers   'content-encoding': 'gzip',
181 verbose headers   'cache-control': 'max-age=300',
181 verbose headers   'content-length': '19822',
181 verbose headers   'accept-ranges': 'bytes',
181 verbose headers   date: 'Mon, 20 Nov 2017 08:44:02 GMT',
181 verbose headers   via: '1.1 varnish',
181 verbose headers   age: '0',
181 verbose headers   connection: 'keep-alive',
181 verbose headers   'x-served-by': 'cache-mad9423-MAD',
181 verbose headers   'x-cache': 'MISS',
181 verbose headers   'x-cache-hits': '0',
181 verbose headers   'x-timer': 'S1511167442.481936,VS0,VE184',
181 verbose headers   vary: 'Accept-Encoding, Accept' }
182 silly get cb [ 200,
182 silly get   { server: 'nginx/1.10.1',
182 silly get     'content-type': 'application/json',
182 silly get     'last-modified': 'Thu, 05 Oct 2017 16:31:31 GMT',
182 silly get     etag: 'W/"59d65e63-1d7a6"',
182 silly get     'content-encoding': 'gzip',
182 silly get     'cache-control': 'max-age=300',
182 silly get     'content-length': '19822',
182 silly get     'accept-ranges': 'bytes',
182 silly get     date: 'Mon, 20 Nov 2017 08:44:02 GMT',
182 silly get     via: '1.1 varnish',
182 silly get     age: '0',
182 silly get     connection: 'keep-alive',
182 silly get     'x-served-by': 'cache-mad9423-MAD',
182 silly get     'x-cache': 'MISS',
182 silly get     'x-cache-hits': '0',
182 silly get     'x-timer': 'S1511167442.481936,VS0,VE184',
182 silly get     vary: 'Accept-Encoding, Accept' } ]
183 verbose get saving d3-geo to /Users/xocas/.npm/registry.npmjs.org/d3-geo/.cache.json
184 verbose correctMkdir /Users/xocas/.npm correctMkdir not in flight; initializing
185 silly resolveWithNewModule d3-geo@1.9.0 checking installable status
186 silly cache add args [ 'd3-geo@^1.7.1', null ]
187 verbose cache add spec d3-geo@^1.7.1
188 silly cache add parsed spec Result {
188 silly cache add   raw: 'd3-geo@^1.7.1',
188 silly cache add   scope: null,
188 silly cache add   escapedName: 'd3-geo',
188 silly cache add   name: 'd3-geo',
188 silly cache add   rawSpec: '^1.7.1',
188 silly cache add   spec: '>=1.7.1 <2.0.0',
188 silly cache add   type: 'range' }
189 silly addNamed d3-geo@>=1.7.1 <2.0.0
190 verbose addNamed ">=1.7.1 <2.0.0" is a valid semver range for d3-geo
191 silly addNameRange { name: 'd3-geo', range: '>=1.7.1 <2.0.0', hasData: false }
192 silly mapToRegistry name d3-geo
193 silly mapToRegistry using default registry
194 silly mapToRegistry registry https://registry.npmjs.org/
195 silly mapToRegistry data Result {
195 silly mapToRegistry   raw: 'd3-geo',
195 silly mapToRegistry   scope: null,
195 silly mapToRegistry   escapedName: 'd3-geo',
195 silly mapToRegistry   name: 'd3-geo',
195 silly mapToRegistry   rawSpec: '',
195 silly mapToRegistry   spec: 'latest',
195 silly mapToRegistry   type: 'tag' }
196 silly mapToRegistry uri https://registry.npmjs.org/d3-geo
197 verbose addNameRange registry:https://registry.npmjs.org/d3-geo not in flight; fetching
198 verbose get https://registry.npmjs.org/d3-geo not expired, no request
199 silly addNameRange number 2 { name: 'd3-geo', range: '>=1.7.1 <2.0.0', hasData: true }
200 silly addNameRange versions [ 'd3-geo',
200 silly addNameRange   [ '0.0.0',
200 silly addNameRange     '0.0.1',
200 silly addNameRange     '0.0.2',
200 silly addNameRange     '0.0.3',
200 silly addNameRange     '0.0.4',
200 silly addNameRange     '0.1.0',
200 silly addNameRange     '1.0.0',
200 silly addNameRange     '1.1.0',
200 silly addNameRange     '1.1.1',
200 silly addNameRange     '1.2.0',
200 silly addNameRange     '1.2.1',
200 silly addNameRange     '1.2.2',
200 silly addNameRange     '1.2.3',
200 silly addNameRange     '1.2.4',
200 silly addNameRange     '1.2.5',
200 silly addNameRange     '1.2.6',
200 silly addNameRange     '1.3.0',
200 silly addNameRange     '1.3.1',
200 silly addNameRange     '1.4.0',
200 silly addNameRange     '1.4.1',
200 silly addNameRange     '1.4.2',
200 silly addNameRange     '1.5.0',
200 silly addNameRange     '1.6.0',
200 silly addNameRange     '1.6.1',
200 silly addNameRange     '1.6.2',
200 silly addNameRange     '1.6.3',
200 silly addNameRange     '1.6.4',
200 silly addNameRange     '1.7.0',
200 silly addNameRange     '1.7.1',
200 silly addNameRange     '1.8.1',
200 silly addNameRange     '1.9.0' ] ]
201 silly addNamed d3-geo@1.9.0
202 verbose addNamed "1.9.0" is a plain semver version for d3-geo
203 silly mapToRegistry name d3-geo
204 silly mapToRegistry using default registry
205 silly mapToRegistry registry https://registry.npmjs.org/
206 silly mapToRegistry data Result {
206 silly mapToRegistry   raw: 'd3-geo',
206 silly mapToRegistry   scope: null,
206 silly mapToRegistry   escapedName: 'd3-geo',
206 silly mapToRegistry   name: 'd3-geo',
206 silly mapToRegistry   rawSpec: '',
206 silly mapToRegistry   spec: 'latest',
206 silly mapToRegistry   type: 'tag' }
207 silly mapToRegistry uri https://registry.npmjs.org/d3-geo
208 verbose addRemoteTarball https://registry.npmjs.org/d3-geo/-/d3-geo-1.9.0.tgz not in flight; adding
209 verbose addRemoteTarball [ 'https://registry.npmjs.org/d3-geo/-/d3-geo-1.9.0.tgz',
209 verbose addRemoteTarball   '15c7d7a8ea9346e59ed150dc7b1f7f95479056e9' ]
210 info retry fetch attempt 1 at 9:44:02 AM
211 info attempt registry request try #1 at 9:44:02 AM
212 http fetch GET https://registry.npmjs.org/d3-geo/-/d3-geo-1.9.0.tgz
213 http fetch 200 https://registry.npmjs.org/d3-geo/-/d3-geo-1.9.0.tgz
214 silly fetchAndShaCheck shasum 15c7d7a8ea9346e59ed150dc7b1f7f95479056e9
215 verbose addTmpTarball /var/folders/tg/bjg20m3j5s55p4ryd_gb7bk80000gn/T/npm-59434-c49c43a0/registry.npmjs.org/d3-geo/-/d3-geo-1.9.0.tgz not in flight; adding
216 verbose addTmpTarball already have metadata; skipping unpack for d3-geo@1.9.0
217 verbose correctMkdir /Users/xocas/.npm correctMkdir not in flight; initializing
218 silly cache afterAdd d3-geo@1.9.0
219 verbose afterAdd /Users/xocas/.npm/d3-geo/1.9.0/package/package.json not in flight; writing
220 verbose correctMkdir /Users/xocas/.npm correctMkdir not in flight; initializing
221 verbose afterAdd /Users/xocas/.npm/d3-geo/1.9.0/package/package.json written
222 silly loadAllDepsIntoIdealTree Finishing
223 silly loadIdealTree Finishing
224 silly currentTree lib
225 silly idealTree lib
225 silly idealTree └─┬ d3-geo-projection@2.3.1
225 silly idealTree   ├── commander@2.11.0
225 silly idealTree   ├── d3-array@1.2.1
225 silly idealTree   └── d3-geo@1.9.0
226 silly generateActionsToTake Starting
227 silly install generateActionsToTake
228 warn checkPermissions Missing write access to /usr/local/lib/node_modules
229 silly rollbackFailedOptional Starting
230 silly rollbackFailedOptional Finishing
231 silly runTopLevelLifecycles Finishing
232 silly install printInstalled
233 verbose stack Error: EACCES: permission denied, access '/usr/local/lib/node_modules'
233 verbose stack     at Error (native)
234 verbose cwd /Users/xocas/Projects/2017/un-pollution-2017/interactive
235 error Darwin 16.3.0
236 error argv "/usr/local/bin/node" "/usr/local/bin/npm" "install" "-g" "d3-geo-projection"
237 error node v6.11.0
238 error npm  v3.10.10
239 error path /usr/local/lib/node_modules
240 error code EACCES
241 error errno -13
242 error syscall access
243 error Error: EACCES: permission denied, access '/usr/local/lib/node_modules'
243 error     at Error (native)
243 error  { Error: EACCES: permission denied, access '/usr/local/lib/node_modules'
243 error     at Error (native)
243 error   errno: -13,
243 error   code: 'EACCES',
243 error   syscall: 'access',
243 error   path: '/usr/local/lib/node_modules' }
244 error Please try running this command again as root/Administrator.
245 verbose exit [ -13, true ]
